In file included from [01m[K/home/nesc/balance_car_ws/src/balance_controller/include/balance_controller/balance_controller.h:11[m[K,
                 from [01m[K/home/nesc/balance_car_ws/src/balance_controller/src/balance_controller.cpp:1[m[K:
[01m[K/opt/ros/noetic/include/filters/realtime_circular_buffer.h:40:2:[m[K [01;35m[Kwarning: [m[K#warning Including header <filters/realtime_circular_buffer.h> is deprecated, include <filters/realtime_circular_buffer.hpp> instead. [[01;35m[K-Wcpp[m[K]
   40 | #[01;35m[Kwarning[m[K Including header <filters/realtime_circular_buffer.h> is deprecated, \
      |  [01;35m[K^~~~~~~[m[K
In file included from [01m[K/home/nesc/balance_car_ws/src/balance_controller/src/balance_controller.cpp:1[m[K:
[01m[K/home/nesc/balance_car_ws/src/balance_controller/include/balance_controller/balance_controller.h:37:8:[m[K [01;31m[Kerror: [m[Kextra qualification â€˜[01m[Kbalance_controller::BalanceController::[m[Kâ€™ on member â€˜[01m[KodomCallback[m[Kâ€™ [[01;31m[K-fpermissive[m[K]
   37 |   void [01;31m[KBalanceController[m[K::odomCallback(const nav_msgs::Odometry::ConstPtr& msg);
      |        [01;31m[K^~~~~~~~~~~~~~~~~[m[K
[01m[K/home/nesc/balance_car_ws/src/balance_controller/src/balance_controller.cpp:[m[K In member function â€˜[01m[Kvirtual bool balance_controller::BalanceController::init(hardware_interface::EffortJointInterface*, ros::NodeHandle&, ros::NodeHandle&)[m[Kâ€™:
[01m[K/home/nesc/balance_car_ws/src/balance_controller/src/balance_controller.cpp:41:96:[m[K [01;31m[Kerror: [m[Kâ€˜[01m[KodomVelCallback[m[Kâ€™ is not a member of â€˜[01m[Kbalance_controller::BalanceController[m[Kâ€™
   41 |   combine_odom_sub_ = root_nh.subscribe("/robot_pose_ekf/combine_odom", 1, &BalanceController::[01;31m[KodomVelCallback[m[K, this); // --- IGNORE ---
      |                                                                                                [01;31m[K^~~~~~~~~~~~~~~[m[K
make[2]: *** [CMakeFiles/balance_controller.dir/build.make:63: CMakeFiles/balance_controller.dir/src/balance_controller.cpp.o] Error 1
make[1]: *** [CMakeFiles/Makefile2:1542: CMakeFiles/balance_controller.dir/all] Error 2
make: *** [Makefile:141: all] Error 2
